[   80381ms] [ERROR] Failed to load resource: the server responded with a status of 404 () @ https://giscus.app/api/discussions?repo=joustava%2Fjoustava.github.io&term=making%2Fwoodworking%2F2021%2F11%2F30%2Fmy-new-woodworking-hobby&category=Announcements&number=0&strict=false&last=15:0
[   80382ms] [ERROR] Failed to load resource: the server responded with a status of 404 () @ https://giscus.app/api/discussions?repo=joustava%2Fjoustava.github.io&term=making%2Fwoodworking%2F2021%2F11%2F30%2Fmy-new-woodworking-hobby&category=Announcements&number=0&strict=false&first=15:0
[   80394ms] [WARNING] [giscus] Discussion not found. A new discussion will be created if a comment/reaction is submitted. @ https://giscus.app/client.js:6
[   80394ms] [WARNING] [giscus] Discussion not found. A new discussion will be created if a comment/reaction is submitted. @ https://giscus.app/client.js:6
[   84476ms] [ERROR] Failed to load resource: the server responded with a status of 404 () @ https://giscus.app/api/discussions?repo=joustava%2Fjoustava.github.io&term=making%2Fwoodworking%2F2021%2F11%2F30%2Fmy-new-woodworking-hobby&category=Announcements&number=0&strict=false&last=15:0
[   84479ms] [ERROR] Failed to load resource: the server responded with a status of 404 () @ https://giscus.app/api/discussions?repo=joustava%2Fjoustava.github.io&term=making%2Fwoodworking%2F2021%2F11%2F30%2Fmy-new-woodworking-hobby&category=Announcements&number=0&strict=false&first=15:0
[   84481ms] [WARNING] [giscus] Discussion not found. A new discussion will be created if a comment/reaction is submitted. @ https://giscus.app/client.js:6
[   84490ms] [WARNING] [giscus] Discussion not found. A new discussion will be created if a comment/reaction is submitted. @ https://giscus.app/client.js:6
[   88577ms] [ERROR] Failed to load resource: the server responded with a status of 404 () @ https://giscus.app/api/discussions?repo=joustava%2Fjoustava.github.io&term=making%2Fwoodworking%2F2021%2F11%2F30%2Fmy-new-woodworking-hobby&category=Announcements&number=0&strict=false&last=15:0
[   88580ms] [WARNING] [giscus] Discussion not found. A new discussion will be created if a comment/reaction is submitted. @ https://giscus.app/client.js:6
[   88591ms] [ERROR] Failed to load resource: the server responded with a status of 404 () @ https://giscus.app/api/discussions?repo=joustava%2Fjoustava.github.io&term=making%2Fwoodworking%2F2021%2F11%2F30%2Fmy-new-woodworking-hobby&category=Announcements&number=0&strict=false&first=15:0
[   88605ms] [WARNING] [giscus] Discussion not found. A new discussion will be created if a comment/reaction is submitted. @ https://giscus.app/client.js:6
[   93183ms] [ERROR] Failed to load resource: the server responded with a status of 404 () @ https://giscus.app/api/discussions?repo=joustava%2Fjoustava.github.io&term=making%2Fwoodworking%2F2021%2F11%2F30%2Fmy-new-woodworking-hobby&category=Announcements&number=0&strict=false&first=15:0
[   93186ms] [ERROR] Failed to load resource: the server responded with a status of 404 () @ https://giscus.app/api/discussions?repo=joustava%2Fjoustava.github.io&term=making%2Fwoodworking%2F2021%2F11%2F30%2Fmy-new-woodworking-hobby&category=Announcements&number=0&strict=false&last=15:0
[   93187ms] [WARNING] [giscus] Discussion not found. A new discussion will be created if a comment/reaction is submitted. @ https://giscus.app/client.js:6
[   97450ms] [ERROR] Failed to load resource: the server responded with a status of 404 () @ https://giscus.app/api/discussions?repo=joustava%2Fjoustava.github.io&term=making%2Fwoodworking%2F2021%2F11%2F30%2Fmy-new-woodworking-hobby&category=Announcements&number=0&strict=false&first=15:0
[   97454ms] [ERROR] Failed to load resource: the server responded with a status of 404 () @ https://giscus.app/api/discussions?repo=joustava%2Fjoustava.github.io&term=making%2Fwoodworking%2F2021%2F11%2F30%2Fmy-new-woodworking-hobby&category=Announcements&number=0&strict=false&last=15:0
[   97455ms] [WARNING] [giscus] Discussion not found. A new discussion will be created if a comment/reaction is submitted. @ https://giscus.app/client.js:6
[  101346ms] [ERROR] Failed to load resource: the server responded with a status of 404 () @ https://giscus.app/api/discussions?repo=joustava%2Fjoustava.github.io&term=making%2Fwoodworking%2F2021%2F11%2F30%2Fmy-new-woodworking-hobby&category=Announcements&number=0&strict=false&last=15:0
[  101352ms] [WARNING] [giscus] Discussion not found. A new discussion will be created if a comment/reaction is submitted. @ https://giscus.app/client.js:6
[  101403ms] [ERROR] Failed to load resource: the server responded with a status of 404 () @ https://giscus.app/api/discussions?repo=joustava%2Fjoustava.github.io&term=making%2Fwoodworking%2F2021%2F11%2F30%2Fmy-new-woodworking-hobby&category=Announcements&number=0&strict=false&first=15:0
[  101405ms] [WARNING] [giscus] Discussion not found. A new discussion will be created if a comment/reaction is submitted. @ https://giscus.app/client.js:6
